<?xml version="1.0" ?>
<!DOCTYPE coverage SYSTEM "http://cobertura.sourceforge.net/xml/coverage-04.dtd">
<coverage lines-valid="71" lines-covered="36" line-rate="0.507" branches-valid="2" branches-covered="0" branch-rate="0" timestamp="1737365494480" complexity="0" version="0.1">
  <sources>
    <source>/private/var/folders/yr/knkl00411m38rttdf57fd8rw0000gn/T/khareyash05/samples-typescript/express-mongoose</source>
  </sources>
  <packages>
    <package name="src" line-rate="0" branch-rate="1">
      <classes>
        <class name="app.js" filename="src/app.js" line-rate="0" branch-rate="1">
          <methods>
            <method name="(anonymous_0)" hits="0" signature="()V">
              <lines>
                <line number="11" hits="0"/>
              </lines>
            </method>
          </methods>
          <lines>
            <line number="1" hits="0" branch="false"/>
            <line number="2" hits="0" branch="false"/>
            <line number="3" hits="0" branch="false"/>
            <line number="4" hits="0" branch="false"/>
            <line number="6" hits="0" branch="false"/>
            <line number="8" hits="0" branch="false"/>
            <line number="9" hits="0" branch="false"/>
            <line number="11" hits="0" branch="false"/>
            <line number="12" hits="0" branch="false"/>
          </lines>
        </class>
      </classes>
    </package>
    <package name="src.db" line-rate="0" branch-rate="1">
      <classes>
        <class name="connection.js" filename="src/db/connection.js" line-rate="0" branch-rate="1">
          <methods>
            <method name="(anonymous_0)" hits="0" signature="()V">
              <lines>
                <line number="5" hits="0"/>
              </lines>
            </method>
            <method name="(anonymous_1)" hits="0" signature="()V">
              <lines>
                <line number="6" hits="0"/>
              </lines>
            </method>
          </methods>
          <lines>
            <line number="1" hits="0" branch="false"/>
            <line number="4" hits="0" branch="false"/>
            <line number="5" hits="0" branch="false"/>
            <line number="6" hits="0" branch="false"/>
          </lines>
        </class>
      </classes>
    </package>
    <package name="src.models" line-rate="0.7142000000000001" branch-rate="0">
      <classes>
        <class name="students.js" filename="src/models/students.js" line-rate="0.7142000000000001" branch-rate="0">
          <methods>
            <method name="(anonymous_0)" hits="0" signature="()V">
              <lines>
                <line number="13" hits="0"/>
              </lines>
            </method>
          </methods>
          <lines>
            <line number="1" hits="1" branch="false"/>
            <line number="2" hits="1" branch="false"/>
            <line number="4" hits="1" branch="false"/>
            <line number="14" hits="0" branch="true" condition-coverage="0% (0/2)"/>
            <line number="15" hits="0" branch="false"/>
            <line number="28" hits="1" branch="false"/>
            <line number="30" hits="1" branch="false"/>
          </lines>
        </class>
      </classes>
    </package>
    <package name="src.routes" line-rate="0.6078" branch-rate="1">
      <classes>
        <class name="routes.js" filename="src/routes/routes.js" line-rate="0.6078" branch-rate="1">
          <methods>
            <method name="(anonymous_0)" hits="2" signature="()V">
              <lines>
                <line number="6" hits="2"/>
              </lines>
            </method>
            <method name="(anonymous_1)" hits="0" signature="()V">
              <lines>
                <line number="16" hits="0"/>
              </lines>
            </method>
            <method name="(anonymous_2)" hits="2" signature="()V">
              <lines>
                <line number="28" hits="2"/>
              </lines>
            </method>
            <method name="(anonymous_3)" hits="2" signature="()V">
              <lines>
                <line number="39" hits="2"/>
              </lines>
            </method>
            <method name="(anonymous_4)" hits="1" signature="()V">
              <lines>
                <line number="56" hits="1"/>
              </lines>
            </method>
            <method name="(anonymous_5)" hits="0" signature="()V">
              <lines>
                <line number="67" hits="0"/>
              </lines>
            </method>
            <method name="(anonymous_6)" hits="0" signature="()V">
              <lines>
                <line number="78" hits="0"/>
              </lines>
            </method>
            <method name="(anonymous_7)" hits="0" signature="()V">
              <lines>
                <line number="89" hits="0"/>
              </lines>
            </method>
          </methods>
          <lines>
            <line number="1" hits="1" branch="false"/>
            <line number="2" hits="1" branch="false"/>
            <line number="3" hits="1" branch="false"/>
            <line number="4" hits="1" branch="false"/>
            <line number="6" hits="1" branch="false"/>
            <line number="7" hits="2" branch="false"/>
            <line number="8" hits="2" branch="false"/>
            <line number="9" hits="1" branch="false"/>
            <line number="12" hits="1" branch="false"/>
            <line number="16" hits="1" branch="false"/>
            <line number="17" hits="0" branch="false"/>
            <line number="18" hits="0" branch="false"/>
            <line number="19" hits="0" branch="false"/>
            <line number="20" hits="0" branch="false"/>
            <line number="21" hits="0" branch="false"/>
            <line number="24" hits="0" branch="false"/>
            <line number="28" hits="1" branch="false"/>
            <line number="29" hits="2" branch="false"/>
            <line number="30" hits="2" branch="false"/>
            <line number="31" hits="2" branch="false"/>
            <line number="32" hits="1" branch="false"/>
            <line number="35" hits="1" branch="false"/>
            <line number="39" hits="1" branch="false"/>
            <line number="40" hits="2" branch="false"/>
            <line number="41" hits="2" branch="false"/>
            <line number="42" hits="2" branch="false"/>
            <line number="43" hits="1" branch="false"/>
            <line number="46" hits="1" branch="false"/>
            <line number="56" hits="1" branch="false"/>
            <line number="57" hits="1" branch="false"/>
            <line number="58" hits="1" branch="false"/>
            <line number="59" hits="1" branch="false"/>
            <line number="60" hits="1" branch="false"/>
            <line number="63" hits="0" branch="false"/>
            <line number="67" hits="1" branch="false"/>
            <line number="68" hits="0" branch="false"/>
            <line number="69" hits="0" branch="false"/>
            <line number="70" hits="0" branch="false"/>
            <line number="71" hits="0" branch="false"/>
            <line number="74" hits="0" branch="false"/>
            <line number="78" hits="1" branch="false"/>
            <line number="79" hits="0" branch="false"/>
            <line number="80" hits="0" branch="false"/>
            <line number="83" hits="0" branch="false"/>
            <line number="85" hits="0" branch="false"/>
            <line number="89" hits="1" branch="false"/>
            <line number="90" hits="0" branch="false"/>
            <line number="91" hits="0" branch="false"/>
            <line number="92" hits="0" branch="false"/>
            <line number="94" hits="0" branch="false"/>
            <line number="98" hits="1" branch="false"/>
          </lines>
        </class>
      </classes>
    </package>
  </packages>
</coverage>
